TN:
SF:src\memcached_data_server.js
FN:19,(anonymous_0)
FN:41,(anonymous_1)
FN:43,(anonymous_2)
FN:49,(anonymous_3)
FN:51,(anonymous_4)
FN:52,(anonymous_5)
FN:64,(anonymous_6)
FN:66,(anonymous_7)
FN:67,(anonymous_8)
FN:80,(anonymous_9)
FN:82,(anonymous_10)
FN:83,(anonymous_11)
FN:96,(anonymous_12)
FN:98,(anonymous_13)
FN:99,(anonymous_14)
FN:115,(anonymous_15)
FN:117,(anonymous_16)
FN:118,(anonymous_17)
FN:134,(anonymous_18)
FN:136,(anonymous_19)
FN:137,(anonymous_20)
FN:153,(anonymous_21)
FN:158,(anonymous_22)
FN:166,(anonymous_23)
FN:179,(anonymous_24)
FNF:25
FNH:24
FNDA:81,(anonymous_0)
FNDA:1,(anonymous_1)
FNDA:0,(anonymous_2)
FNDA:768,(anonymous_3)
FNDA:768,(anonymous_4)
FNDA:768,(anonymous_5)
FNDA:549,(anonymous_6)
FNDA:549,(anonymous_7)
FNDA:549,(anonymous_8)
FNDA:2,(anonymous_9)
FNDA:2,(anonymous_10)
FNDA:2,(anonymous_11)
FNDA:6,(anonymous_12)
FNDA:6,(anonymous_13)
FNDA:6,(anonymous_14)
FNDA:8,(anonymous_15)
FNDA:8,(anonymous_16)
FNDA:8,(anonymous_17)
FNDA:4,(anonymous_18)
FNDA:4,(anonymous_19)
FNDA:4,(anonymous_20)
FNDA:23961,(anonymous_21)
FNDA:23754,(anonymous_22)
FNDA:211,(anonymous_23)
FNDA:553,(anonymous_24)
DA:3,1
DA:4,1
DA:6,1
DA:7,1
DA:8,1
DA:9,1
DA:21,81
DA:25,81
DA:29,81
DA:33,81
DA:35,81
DA:43,1
DA:51,768
DA:52,768
DA:53,768
DA:54,0
DA:56,768
DA:66,549
DA:67,549
DA:68,549
DA:69,0
DA:71,549
DA:82,2
DA:83,2
DA:84,2
DA:85,0
DA:87,2
DA:98,6
DA:99,6
DA:100,6
DA:101,4
DA:103,6
DA:104,4
DA:106,6
DA:117,8
DA:118,8
DA:119,8
DA:120,3
DA:122,8
DA:123,3
DA:125,8
DA:136,4
DA:137,4
DA:138,4
DA:139,0
DA:141,4
DA:142,1
DA:144,4
DA:155,23961
DA:156,23961
DA:158,23961
DA:159,23754
DA:168,211
DA:169,211
DA:171,211
DA:173,211
DA:181,553
DA:183,553
DA:184,6
DA:186,553
DA:190,1
LF:61
LH:57
BRDA:21,0,0,1
BRDA:21,0,1,80
BRDA:25,1,0,1
BRDA:25,1,1,80
BRDA:29,2,0,1
BRDA:29,2,1,80
BRDA:33,3,0,0
BRDA:33,3,1,81
BRDA:53,4,0,0
BRDA:53,4,1,768
BRDA:56,5,0,595
BRDA:56,5,1,173
BRDA:68,6,0,0
BRDA:68,6,1,549
BRDA:84,7,0,0
BRDA:84,7,1,2
BRDA:100,8,0,4
BRDA:100,8,1,2
BRDA:103,9,0,4
BRDA:103,9,1,2
BRDA:103,10,0,6
BRDA:103,10,1,2
BRDA:119,11,0,3
BRDA:119,11,1,5
BRDA:122,12,0,3
BRDA:122,12,1,5
BRDA:122,13,0,8
BRDA:122,13,1,5
BRDA:138,14,0,0
BRDA:138,14,1,4
BRDA:141,15,0,1
BRDA:141,15,1,3
BRDA:179,16,0,0
BRDA:183,17,0,6
BRDA:183,17,1,547
BRDA:183,18,0,553
BRDA:183,18,1,552
BRF:37
BRH:31
end_of_record
TN:
SF:src\memcached_data_server_plugin.js
FN:6,(anonymous_0)
FNF:1
FNH:1
FNDA:2,(anonymous_0)
DA:3,1
DA:4,1
DA:6,1
DA:7,2
DA:8,2
LF:5
LH:5
BRF:0
BRH:0
end_of_record
