TN:
SF:src\memcached_data_server.js
FN:19,(anonymous_0)
FN:41,(anonymous_1)
FN:50,(anonymous_2)
FN:52,(anonymous_3)
FN:53,(anonymous_4)
FN:66,(anonymous_5)
FN:68,(anonymous_6)
FN:69,(anonymous_7)
FN:83,(anonymous_8)
FN:85,(anonymous_9)
FN:86,(anonymous_10)
FN:100,(anonymous_11)
FN:102,(anonymous_12)
FN:103,(anonymous_13)
FN:119,(anonymous_14)
FN:121,(anonymous_15)
FN:122,(anonymous_16)
FN:138,(anonymous_17)
FN:140,(anonymous_18)
FN:141,(anonymous_19)
FN:158,(anonymous_20)
FN:163,(anonymous_21)
FN:171,(anonymous_22)
FN:184,(anonymous_23)
FNF:24
FNH:24
FNDA:83,(anonymous_0)
FNDA:3,(anonymous_1)
FNDA:768,(anonymous_2)
FNDA:768,(anonymous_3)
FNDA:768,(anonymous_4)
FNDA:550,(anonymous_5)
FNDA:550,(anonymous_6)
FNDA:550,(anonymous_7)
FNDA:2,(anonymous_8)
FNDA:2,(anonymous_9)
FNDA:2,(anonymous_10)
FNDA:6,(anonymous_11)
FNDA:6,(anonymous_12)
FNDA:6,(anonymous_13)
FNDA:7,(anonymous_14)
FNDA:7,(anonymous_15)
FNDA:7,(anonymous_16)
FNDA:4,(anonymous_17)
FNDA:4,(anonymous_18)
FNDA:4,(anonymous_19)
FNDA:21932,(anonymous_20)
FNDA:21726,(anonymous_21)
FNDA:211,(anonymous_22)
FNDA:555,(anonymous_23)
DA:3,1
DA:4,1
DA:6,1
DA:7,1
DA:8,1
DA:9,1
DA:21,83
DA:25,83
DA:29,83
DA:33,83
DA:35,83
DA:52,768
DA:53,768
DA:58,768
DA:68,550
DA:69,550
DA:74,550
DA:85,2
DA:86,2
DA:91,2
DA:102,6
DA:103,6
DA:104,6
DA:105,4
DA:107,6
DA:108,4
DA:110,6
DA:121,7
DA:122,7
DA:123,7
DA:124,2
DA:126,7
DA:127,2
DA:129,7
DA:140,4
DA:141,4
DA:146,4
DA:147,1
DA:149,4
DA:160,21932
DA:161,21932
DA:163,21932
DA:164,21726
DA:173,211
DA:174,211
DA:176,211
DA:178,211
DA:186,555
DA:188,555
DA:189,7
DA:191,555
DA:195,1
LF:52
LH:52
BRDA:21,0,0,3
BRDA:21,0,1,80
BRDA:25,1,0,3
BRDA:25,1,1,80
BRDA:29,2,0,3
BRDA:29,2,1,80
BRDA:33,3,0,2
BRDA:33,3,1,81
BRDA:58,4,0,594
BRDA:58,4,1,174
BRDA:104,5,0,4
BRDA:104,5,1,2
BRDA:107,6,0,4
BRDA:107,6,1,2
BRDA:107,7,0,6
BRDA:107,7,1,2
BRDA:123,8,0,2
BRDA:123,8,1,5
BRDA:126,9,0,2
BRDA:126,9,1,5
BRDA:126,10,0,7
BRDA:126,10,1,5
BRDA:146,11,0,1
BRDA:146,11,1,3
BRDA:184,12,0,1
BRDA:188,13,0,7
BRDA:188,13,1,548
BRDA:188,14,0,555
BRDA:188,14,1,553
BRF:29
BRH:29
end_of_record
TN:
SF:src\memcached_data_server_plugin.js
FN:6,(anonymous_0)
FNF:1
FNH:1
FNDA:2,(anonymous_0)
DA:3,1
DA:4,1
DA:6,1
DA:7,2
DA:8,2
LF:5
LH:5
BRF:0
BRH:0
end_of_record
